<?xml version="1.0" encoding="UTF-8"?>
<testng-results ignored="0" total="1" passed="1" failed="0" skipped="0">
  <reporter-output>
  </reporter-output>
  <suite started-at="2026-05-12T13:29:13 IST" name="Default suite" finished-at="2026-05-12T13:29:16 IST" duration-ms="3577">
    <groups>
    </groups>
    <test started-at="2026-05-12T13:29:13 IST" name="Default test" finished-at="2026-05-12T13:29:16 IST" duration-ms="3577">
      <class name="tests.XMLSchemaValidation">
        <test-method signature="schemaValidation()[pri:0, instance:tests.XMLSchemaValidation@1139b2f3]" started-at="2026-05-12T13:29:13 IST" name="schemaValidation" finished-at="2026-05-12T13:29:16 IST" duration-ms="3506" status="PASS">
          <reporter-output>
          </reporter-output>
        </test-method> <!-- schemaValidation -->
      </class> <!-- tests.XMLSchemaValidation -->
    </test> <!-- Default test -->
  </suite> <!-- Default suite -->
</testng-results>
